2021-03-28T02:41:33+00:00 CRITICAL Uncaught Error: Class 'TwentyTwenty_Walker_Comment' not found in C:\xampp\htdocs\wordpress\wp-content\themes\me\comments.php:63
Stack trace:
#0 C:\xampp\htdocs\wordpress\wp-includes\comment-template.php(1554): require()
#1 C:\xampp\htdocs\wordpress\wp-content\themes\me\template-parts\content.php(52): comments_template()
#2 C:\xampp\htdocs\wordpress\wp-includes\template.php(732): require('C:\\xampp\\htdocs...')
#3 C:\xampp\htdocs\wordpress\wp-includes\template.php(676): load_template('C:\\xampp\\htdocs...', false, Array)
#4 C:\xampp\htdocs\wordpress\wp-includes\general-template.php(204): locate_template(Array, true, false, Array)
#5 C:\xampp\htdocs\wordpress\wp-content\themes\me\index.php(20): get_template_part('template-parts/...')
#6 C:\xampp\htdocs\wordpress\wp-includes\template-loader.php(106): include('C:\\xampp\\htdocs...')
#7 C:\xampp\htdocs\wordpress\wp-blog-header.php(19): require_once('C:\\xampp\\htdocs...')
#8 C:\xampp\htdocs\wordpress\index.php(17): require('C:\\xampp\\htdocs...')
#9 {main}
  throw in C:\xampp\htdocs\wordpress\wp-content\themes\me\comments.php on line 63

2021-03-28T14:47:15+00:00 CRITICAL Uncaught Error: Cannot use object of type WP_Term as array in C:\xampp\htdocs\wordpress\wp-content\themes\me\single.php:24
Stack trace:
#0 C:\xampp\htdocs\wordpress\wp-includes\template-loader.php(106): include()
#1 C:\xampp\htdocs\wordpress\wp-blog-header.php(19): require_once('C:\\xampp\\htdocs...')
#2 C:\xampp\htdocs\wordpress\index.php(17): require('C:\\xampp\\htdocs...')
#3 {main}
  thrown in C:\xampp\htdocs\wordpress\wp-content\themes\me\single.php on line 24

